<?xml version="1.0" encoding="UTF-8"?>
<!-- Generated by org.testng.reporters.JUnitReportReporter -->
<testsuite skipped="0" hostname="DESKTOP-9MCKVCH" name="softwareTestingMaterial.STMTestNGClass" tests="1" failures="0" timestamp="21 May 2020 20:00:08 GMT" time="777.185" errors="0">
  <testcase name="openMyBlog" time="777.185" classname="softwareTestingMaterial.STMTestNGClass"/>
</testsuite> <!-- softwareTestingMaterial.STMTestNGClass -->
